<?xml version="1.0" encoding="UTF-8"?>
<!-- Generated by org.testng.reporters.JUnitReportReporter -->
<testsuite hostname="DESKTOP-V1C8B09" failures="0" tests="2" name="lapcare.Lapcare_YouTube_module" time="94.405" errors="0" timestamp="2022-04-23T19:21:57 IST" skipped="0">
  <testcase classname="lapcare.Lapcare_YouTube_module" name="feedback" time="34.987"/>
  <system-out/>
  <testcase classname="lapcare.Lapcare_YouTube_module" name="Youtube" time="59.418"/>
  <system-out/>
</testsuite> <!-- lapcare.Lapcare_YouTube_module -->
