<?xml version="1.0" encoding="UTF-8"?>
<!-- Generated by org.testng.reporters.JUnitReportReporter -->
<testsuite hostname="DESKTOP-V1C8B09" failures="0" tests="1" name="lapcare.Lapcare_Module_Extra" time="29.228" errors="0" timestamp="2022-04-23T15:32:06 IST" skipped="0">
  <testcase classname="lapcare.Lapcare_Module_Extra" name="Youtube" time="29.228"/>
  <system-out/>
</testsuite> <!-- lapcare.Lapcare_Module_Extra -->
