<?xml version="1.0" encoding="UTF-8"?>
<!-- Generated by org.testng.reporters.JUnitReportReporter -->
<testsuite hostname="DESKTOP-V1C8B09" failures="0" tests="10" name="lapcare.lapcare_FinalProject" time="153.274" errors="0" timestamp="2022-04-22T00:14:10 IST" skipped="0">
  <testcase classname="lapcare.lapcare_FinalProject" name="SmokeTesting" time="22.833"/>
  <system-out/>
  <testcase classname="lapcare.lapcare_FinalProject" name="Module1" time="15.974"/>
  <system-out/>
  <testcase classname="lapcare.lapcare_FinalProject" name="Module2" time="9.577"/>
  <system-out/>
  <testcase classname="lapcare.lapcare_FinalProject" name="Module3" time="19.672"/>
  <system-out/>
  <testcase classname="lapcare.lapcare_FinalProject" name="Module4" time="6.263"/>
  <system-out/>
  <testcase classname="lapcare.lapcare_FinalProject" name="AudioModule" time="9.129"/>
  <system-out/>
  <testcase classname="lapcare.lapcare_FinalProject" name="pheripheralModule" time="7.067"/>
  <system-out/>
  <testcase classname="lapcare.lapcare_FinalProject" name="AssesoriesModule" time="9.944"/>
  <system-out/>
  <testcase classname="lapcare.lapcare_FinalProject" name="Module5" time="44.814"/>
  <system-out/>
  <testcase classname="lapcare.lapcare_FinalProject" name="Logout" time="8.001"/>
  <system-out/>
</testsuite> <!-- lapcare.lapcare_FinalProject -->
